2020-10-16 02:30:54,488 - Send: M23 /dualcu~1.gco
2020-10-16 02:30:54,499 - Recv: echo:Now fresh file: /dualcu~1.gco
2020-10-16 02:30:54,523 - Recv: File opened: dualcu~1.gco Size: 45615
2020-10-16 02:30:54,527 - Recv: File selected
2020-10-16 02:30:54,552 - Recv: ok
2020-10-16 02:30:54,557 - Send: M24
2020-10-16 02:30:54,564 - Recv: ok
2020-10-16 02:30:54,568 - Changing monitoring state from "Starting print from SD" to "Printing from SD"
2020-10-16 02:30:54,994 - Recv: SD printing byte 9558/45615
2020-10-16 02:30:54,997 - Recv: M106 P0 S255
2020-10-16 02:30:55,649 - Recv:  T:22.38 /0.00 B:37.56 /0.00 T0:22.38 /0.00 T1:21.99 /0.00 @:0 B@:0 @0:0 @1:0
2020-10-16 02:30:55,994 - Recv: SD printing byte 9688/45615
2020-10-16 02:30:56,993 - Recv: SD printing byte 9688/45615
2020-10-16 02:30:57,649 - Recv:  T:22.30 /0.00 B:37.52 /0.00 T0:22.30 /0.00 T1:22.07 /0.00 @:0 B@:0 @0:0 @1:0
2020-10-16 02:30:57,993 - Recv: SD printing byte 9688/45615
2020-10-16 02:30:58,996 - Recv: SD printing byte 9688/45615
2020-10-16 02:30:59,647 - Recv:  T:22.15 /0.00 B:37.52 /0.00 T0:22.15 /0.00 T1:22.03 /0.00 @:0 B@:0 @0:0 @1:0
2020-10-16 02:48:19,923 - Recv:  T:213.63 /215.00 B:60.01 /60.00 T0:204.34 /205.00 T1:213.63 /215.00 @:98 B@:64 @0:74 @1:98
2020-10-16 02:48:20,651 - Recv: SD printing byte 45615/45615
2020-10-16 02:48:21,651 - Recv: SD printing byte 45615/45615
2020-10-16 02:48:21,921 - Recv:  T:214.06 /215.00 B:59.97 /60.00 T0:203.40 /205.00 T1:214.06 /215.00 @:94 B@:76 @0:85 @1:94
2020-10-16 02:48:22,216 - Recv: Done printing file
2020-10-16 02:48:22,217 - Changing monitoring state from "Printing from SD" to "Finishing"
2020-10-16 02:48:22,256 - Send: M400
2020-10-16 02:48:22,565 - Recv: ok
2020-10-16 02:48:22,567 - Recv: ok
2020-10-16 02:48:22,571 - Changing monitoring state from "Finishing" to "Operational"
